<?xml version="1.0" encoding="UTF-8"?>
<!-- Generated by org.testng.reporters.JUnitReportReporter -->
<testsuite hostname="Giovanni_Leon" name="com.swa.samples.RomanNumberTranslatorTest" tests="32" failures="1" timestamp="27 Apr 2016 03:29:10 GMT" time="0.048" errors="0">
  <testcase name="threeLetterBaseTen" time="0.001" classname="com.swa.samples.RomanNumberTranslatorTest"/>
  <testcase name="letter_Type5subtract_45" time="0.015" classname="com.swa.samples.RomanNumberTranslatorTest"/>
  <testcase name="aSingleNumberC" time="0.015" classname="com.swa.samples.RomanNumberTranslatorTest"/>
  <testcase name="letter_Type5subtract_450" time="0.000" classname="com.swa.samples.RomanNumberTranslatorTest"/>
  <testcase name="moreThanTwoLetters_XLV" time="0.000" classname="com.swa.samples.RomanNumberTranslatorTest"/>
  <testcase name="letterTypeIwithTwoMoreVaue_IXX" time="0.000" classname="com.swa.samples.RomanNumberTranslatorTest"/>
  <testcase name="numbers_I_and_base10_cannot_repeat_just_4times" time="0.000" classname="com.swa.samples.RomanNumberTranslatorTest"/>
  <testcase name="numberWithBaseDCanNotBeRepeated_DDD" time="0.000" classname="com.swa.samples.RomanNumberTranslatorTest"/>
  <testcase name="numberWithBaseLCanNotBeRepeated_LL" time="0.000" classname="com.swa.samples.RomanNumberTranslatorTest"/>
  <testcase name="aSingleNumberM" time="0.000" classname="com.swa.samples.RomanNumberTranslatorTest"/>
  <testcase name="numberWithBaseVCanNotBeRepeated_VV" time="0.000" classname="com.swa.samples.RomanNumberTranslatorTest"/>
  <testcase name="thereLetterTest_VIII" time="0.000" classname="com.swa.samples.RomanNumberTranslatorTest"/>
  <testcase name="letter_Type5subtract_9" time="0.000" classname="com.swa.samples.RomanNumberTranslatorTest"/>
  <testcase name="letterTipoFiveRepeted_CMM" time="0.000" classname="com.swa.samples.RomanNumberTranslatorTest"/>
  <testcase name="letter_Type5subtract_405" time="0.000" classname="com.swa.samples.RomanNumberTranslatorTest"/>
  <testcase name="letterTypeIwithTwoMoreVaueXCLX" time="0.000" classname="com.swa.samples.RomanNumberTranslatorTest"/>
  <testcase name="letterTipoFiveRepeted_IVI" time="0.000" classname="com.swa.samples.RomanNumberTranslatorTest"/>
  <testcase name="letterTypeIwithTwoMoreVaueVIX" time="0.000" classname="com.swa.samples.RomanNumberTranslatorTest"/>
  <testcase name="aSingleNumberV" time="0.000" classname="com.swa.samples.RomanNumberTranslatorTest"/>
  <testcase name="letterTipoFiveRepetedLXL" time="0.000" classname="com.swa.samples.RomanNumberTranslatorTest"/>
  <testcase name="aSingleNumberD" time="0.000" classname="com.swa.samples.RomanNumberTranslatorTest"/>
  <testcase name="twoLetterWithLessValueToTheLeftIV" time="0.001" classname="com.swa.samples.RomanNumberTranslatorTest"/>
  <testcase name="aSingleNumberL" time="0.000" classname="com.swa.samples.RomanNumberTranslatorTest"/>
  <testcase name="letterTypeIrepeted" time="0.000" classname="com.swa.samples.RomanNumberTranslatorTest"/>
  <testcase name="saveNumberInFile" time="0.000" classname="com.swa.samples.RomanNumberTranslatorTest"/>
  <testcase name="letterTipoFiveRepeted_CMC" time="0.000" classname="com.swa.samples.RomanNumberTranslatorTest"/>
  <testcase name="letterTipoFiveRepeted_XCC" time="0.000" classname="com.swa.samples.RomanNumberTranslatorTest"/>
  <testcase name="aSingleNumberI" time="0.000" classname="com.swa.samples.RomanNumberTranslatorTest"/>
  <testcase name="letterTipoOneandRepetedLeft_IIV" time="0.000" classname="com.swa.samples.RomanNumberTranslatorTest">
    <failure type="java.lang.AssertionError" message="No exception was throw it is a invalid Number">
      <![CDATA[java.lang.AssertionError: No exception was throw it is a invalid Number
	at org.testng.Assert.fail(Assert.java:94)
	at com.swa.samples.RomanNumberTranslatorTest.letterTipoOneandRepetedLeft_IIV(RomanNumberTranslatorTest.java:309)
	at sun.reflect.NativeMethodAccessorImpl.invoke0(Native Method)
	at sun.reflect.NativeMethodAccessorImpl.invoke(NativeMethodAccessorImpl.java:62)
	at sun.reflect.DelegatingMethodAccessorImpl.invoke(DelegatingMethodAccessorImpl.java:43)
	at java.lang.reflect.Method.invoke(Method.java:497)
	at org.testng.internal.MethodInvocationHelper.invokeMethod(MethodInvocationHelper.java:86)
	at org.testng.internal.Invoker.invokeMethod(Invoker.java:643)
	at org.testng.internal.Invoker.invokeTestMethod(Invoker.java:820)
	at org.testng.internal.Invoker.invokeTestMethods(Invoker.java:1128)
	at org.testng.internal.TestMethodWorker.invokeTestMethods(TestMethodWorker.java:129)
	at org.testng.internal.TestMethodWorker.run(TestMethodWorker.java:112)
	at org.testng.TestRunner.privateRun(TestRunner.java:782)
	at org.testng.TestRunner.run(TestRunner.java:632)
	at org.testng.SuiteRunner.runTest(SuiteRunner.java:366)
	at org.testng.SuiteRunner.runSequentially(SuiteRunner.java:361)
	at org.testng.SuiteRunner.privateRun(SuiteRunner.java:319)
	at org.testng.SuiteRunner.run(SuiteRunner.java:268)
	at org.testng.SuiteRunnerWorker.runSuite(SuiteRunnerWorker.java:52)
	at org.testng.SuiteRunnerWorker.run(SuiteRunnerWorker.java:86)
	at org.testng.TestNG.runSuitesSequentially(TestNG.java:1244)
	at org.testng.TestNG.runSuitesLocally(TestNG.java:1169)
	at org.testng.TestNG.run(TestNG.java:1064)
	at org.testng.remote.AbstractRemoteTestNG.run(AbstractRemoteTestNG.java:126)
	at org.testng.remote.RemoteTestNG.initAndRun(RemoteTestNG.java:137)
	at org.testng.remote.RemoteTestNG.main(RemoteTestNG.java:58)
]]>
    </failure>
  </testcase> <!-- letterTipoOneandRepetedLeft_IIV -->
  <testcase name="letterTipoFiveRepeted_IXVI" time="0.000" classname="com.swa.samples.RomanNumberTranslatorTest"/>
  <testcase name="fourLetterBaseTen" time="0.016" classname="com.swa.samples.RomanNumberTranslatorTest"/>
  <testcase name="aSingleNumberX" time="0.000" classname="com.swa.samples.RomanNumberTranslatorTest"/>
</testsuite> <!-- com.swa.samples.RomanNumberTranslatorTest -->
