<?xml version="1.0" encoding="UTF-8"?>
<!-- Generated by org.testng.reporters.JUnitReportReporter -->
<testsuite hostname="Giovanni_Leon" name="com.swa.samples.RomanNumberTest" tests="24" failures="0" timestamp="24 Apr 2016 01:57:37 GMT" time="0.047" errors="0">
  <testcase name="ThereLetterTest" time="0.000" classname="com.swa.samples.RomanNumberTest"/>
  <testcase name="aSingleNumberL" time="0.000" classname="com.swa.samples.RomanNumberTest"/>
  <testcase name="aSingleNumberI" time="0.000" classname="com.swa.samples.RomanNumberTest"/>
  <testcase name="moreThanTwoLetters" time="0.000" classname="com.swa.samples.RomanNumberTest"/>
  <testcase name="letter_Type5subtract_9" time="0.000" classname="com.swa.samples.RomanNumberTest"/>
  <testcase name="fourLetterBaseTen" time="0.000" classname="com.swa.samples.RomanNumberTest"/>
  <testcase name="numbers_I_and_base10_cannot_repeat_just_4times" time="0.000" classname="com.swa.samples.RomanNumberTest"/>
  <testcase name="aSingleNumberV" time="0.000" classname="com.swa.samples.RomanNumberTest"/>
  <testcase name="letter_Type5subtract_45" time="0.000" classname="com.swa.samples.RomanNumberTest"/>
  <testcase name="threeLetterBaseTen" time="0.016" classname="com.swa.samples.RomanNumberTest"/>
  <testcase name="numberWithBaseDCanNotBeRepeated" time="0.000" classname="com.swa.samples.RomanNumberTest"/>
  <testcase name="letter_Type5subtract_450" time="0.000" classname="com.swa.samples.RomanNumberTest"/>
  <testcase name="LetterTypeIwithTwoMoreVaue" time="0.000" classname="com.swa.samples.RomanNumberTest"/>
  <testcase name="aSingleNumberC" time="0.000" classname="com.swa.samples.RomanNumberTest"/>
  <testcase name="aSingleNumberX" time="0.000" classname="com.swa.samples.RomanNumberTest"/>
  <testcase name="TwoLetterWithLessValueToTheLeft" time="0.015" classname="com.swa.samples.RomanNumberTest"/>
  <testcase name="aSingleNumberD" time="0.000" classname="com.swa.samples.RomanNumberTest"/>
  <testcase name="LetterTypeIrepeted" time="0.000" classname="com.swa.samples.RomanNumberTest"/>
  <testcase name="aSingleNumberM" time="0.000" classname="com.swa.samples.RomanNumberTest"/>
  <testcase name="letterTipoFiveRepetedLXL" time="0.000" classname="com.swa.samples.RomanNumberTest"/>
  <testcase name="numberWithBaseLCanNotBeRepeated" time="0.000" classname="com.swa.samples.RomanNumberTest"/>
  <testcase name="LetterTypeIwithTwoMoreVaueXCLX" time="0.000" classname="com.swa.samples.RomanNumberTest"/>
  <testcase name="letter_Type5subtract_405" time="0.016" classname="com.swa.samples.RomanNumberTest"/>
  <testcase name="numberWithBaseVCanNotBeRepeated" time="0.000" classname="com.swa.samples.RomanNumberTest"/>
</testsuite> <!-- com.swa.samples.RomanNumberTest -->
