<?xml version="1.0" encoding="UTF-8"?>
<!-- Generated by org.testng.reporters.JUnitReportReporter -->
<testsuite hostname="Giovanni_Leon" name="com.swa.samples.RomanNumberTranslatorTest" tests="25" failures="0" timestamp="25 Apr 2016 00:21:50 GMT" time="0.014" errors="0">
  <testcase name="LetterTypeIrepeted" time="0.000" classname="com.swa.samples.RomanNumberTranslatorTest"/>
  <testcase name="saveNumberInFile" time="0.000" classname="com.swa.samples.RomanNumberTranslatorTest"/>
  <testcase name="threeLetterBaseTen" time="0.000" classname="com.swa.samples.RomanNumberTranslatorTest"/>
  <testcase name="letter_Type5subtract_405" time="0.000" classname="com.swa.samples.RomanNumberTranslatorTest"/>
  <testcase name="TwoLetterWithLessValueToTheLeft" time="0.000" classname="com.swa.samples.RomanNumberTranslatorTest"/>
  <testcase name="LetterTypeIwithTwoMoreVaueXCLX" time="0.000" classname="com.swa.samples.RomanNumberTranslatorTest"/>
  <testcase name="aSingleNumberV" time="0.000" classname="com.swa.samples.RomanNumberTranslatorTest"/>
  <testcase name="letter_Type5subtract_450" time="0.000" classname="com.swa.samples.RomanNumberTranslatorTest"/>
  <testcase name="numbers_I_and_base10_cannot_repeat_just_4times" time="0.000" classname="com.swa.samples.RomanNumberTranslatorTest"/>
  <testcase name="aSingleNumberX" time="0.000" classname="com.swa.samples.RomanNumberTranslatorTest"/>
  <testcase name="numberWithBaseVCanNotBeRepeated" time="0.000" classname="com.swa.samples.RomanNumberTranslatorTest"/>
  <testcase name="aSingleNumberC" time="0.006" classname="com.swa.samples.RomanNumberTranslatorTest"/>
  <testcase name="aSingleNumberL" time="0.004" classname="com.swa.samples.RomanNumberTranslatorTest"/>
  <testcase name="ThereLetterTest" time="0.000" classname="com.swa.samples.RomanNumberTranslatorTest"/>
  <testcase name="numberWithBaseLCanNotBeRepeated" time="0.000" classname="com.swa.samples.RomanNumberTranslatorTest"/>
  <testcase name="aSingleNumberM" time="0.004" classname="com.swa.samples.RomanNumberTranslatorTest"/>
  <testcase name="letterTipoFiveRepetedLXL" time="0.000" classname="com.swa.samples.RomanNumberTranslatorTest"/>
  <testcase name="letter_Type5subtract_9" time="0.000" classname="com.swa.samples.RomanNumberTranslatorTest"/>
  <testcase name="letter_Type5subtract_45" time="0.000" classname="com.swa.samples.RomanNumberTranslatorTest"/>
  <testcase name="LetterTypeIwithTwoMoreVaue" time="0.000" classname="com.swa.samples.RomanNumberTranslatorTest"/>
  <testcase name="moreThanTwoLetters" time="0.000" classname="com.swa.samples.RomanNumberTranslatorTest"/>
  <testcase name="fourLetterBaseTen" time="0.000" classname="com.swa.samples.RomanNumberTranslatorTest"/>
  <testcase name="aSingleNumberI" time="0.000" classname="com.swa.samples.RomanNumberTranslatorTest"/>
  <testcase name="numberWithBaseDCanNotBeRepeated" time="0.000" classname="com.swa.samples.RomanNumberTranslatorTest"/>
  <testcase name="aSingleNumberD" time="0.000" classname="com.swa.samples.RomanNumberTranslatorTest"/>
</testsuite> <!-- com.swa.samples.RomanNumberTranslatorTest -->
